<?xml version="1.0" encoding="UTF-8"?>
<!-- Generated by org.testng.reporters.JUnitReportReporter -->
<testsuite skipped="0" hostname="ew-aezan3-dev" name="Runner.TestRunner" tests="1" failures="0" timestamp="21 oct. 2020 08:36:04 GMT" time="132.717" errors="0">
  <testcase name="runScenario" time="132.717" classname="Runner.TestRunner"/>
</testsuite> <!-- Runner.TestRunner -->
